d:\git code\textbook-housework\课本习题（三）\x64\debug\vc142.pdb
d:\git code\textbook-housework\课本习题（三）\x64\debug\vc142.idb
d:\git code\textbook-housework\课本习题（三）\x64\debug\查找最大数.obj
d:\git code\textbook-housework\课本习题（三）\x64\debug\期望心律计算器.obj
d:\git code\textbook-housework\课本习题（三）\x64\debug\星号跳棋盘.obj
d:\git code\textbook-housework\课本习题（三）\x64\debug\星号空心正方形.obj
d:\git code\textbook-housework\课本习题（三）\x64\debug\星号正方形.obj
d:\git code\textbook-housework\课本习题（三）\x64\debug\判断三角形.obj
d:\git code\textbook-housework\课本习题（三）\x64\debug\悬挂else.obj
d:\git code\textbook-housework\课本习题（三）\x64\debug\悬挂else(二）.obj
d:\git code\textbook-housework\课本习题（三）\x64\debug\循环1到10.obj
d:\git code\textbook-housework\课本习题（三）\x64\debug\库函数.obj
d:\git code\textbook-housework\课本习题（三）\x64\debug\工资计算器.obj
d:\git code\textbook-housework\课本习题（三）\x64\debug\复利程序.obj
d:\git code\textbook-housework\课本习题（三）\x64\debug\圣诞节.obj
d:\git code\textbook-housework\课本习题（三）\x64\debug\回文检测.obj
d:\git code\textbook-housework\课本习题（三）\x64\debug\利息计算器.obj
d:\git code\textbook-housework\课本习题（三）\x64\debug\信贷限额计算器.obj
d:\git code\textbook-housework\课本习题（三）\x64\debug\判断输出.obj
d:\git code\textbook-housework\课本习题（三）\x64\debug\二进制转十进制.obj
d:\git code\textbook-housework\课本习题（三）\x64\debug\世界人口增长计算器.obj
d:\git code\textbook-housework\课本习题（三）\x64\debug\三角形打印程序.obj
d:\git code\textbook-housework\课本习题（三）\x64\debug\阶乘.obj
d:\git code\textbook-housework\课本习题（三）\x64\debug\销售佣金计算器.obj
d:\git code\textbook-housework\课本习题（三）\x64\debug\计算零售额.obj
d:\git code\textbook-housework\课本习题（三）\x64\debug\计算整数的和.obj
d:\git code\textbook-housework\课本习题（三）\x64\debug\计算信贷限额.obj
d:\git code\textbook-housework\课本习题（三）\x64\debug\表格输出.obj
d:\git code\textbook-housework\课本习题（三）\x64\debug\统计7的个数.obj
d:\git code\textbook-housework\课本习题（三）\x64\debug\进制转换.obj
d:\git code\textbook-housework\课本习题（三）\x64\debug\菱形打印程序.obj
d:\git code\textbook-housework\课本习题（三）\x64\debug\用密码来保护个人隐私.obj
d:\git code\textbook-housework\课本习题（三）\x64\debug\汽油里程.obj
d:\git code\textbook-housework\课本习题（三）\x64\debug\求最小数.obj
d:\git code\textbook-housework\课本习题（三）\x64\debug\求一个整数序列的和及平均数.obj
d:\git code\textbook-housework\课本习题（三）\x64\debug\毕达哥拉斯三元组.obj
d:\git code\textbook-housework\课本习题（三）\x64\debug\检测10的倍数.obj
d:\git code\textbook-housework\课本习题（三）\x64\debug\柱状图打印程序.obj
d:\git code\textbook-housework\课本习题（三）\x64\debug\查找最大的两个数.obj
d:\git code\textbook-housework\课本习题（三）\x64\debug\停车收费.obj
d:\git code\textbook-housework\课本习题（三）\x64\debug\直角三角形斜边长.obj
d:\git code\textbook-housework\课本习题（三）\x64\debug\数据的舍入.obj
d:\git code\textbook-housework\课本习题（三）\x64\debug\取幂.obj
d:\git code\textbook-housework\课本习题（三）\x64\debug\分离整数.obj
d:\git code\textbook-housework\课本习题（三）\x64\debug\按秒计时.obj
d:\git code\textbook-housework\课本习题（三）\x64\debug\温度转换.obj
d:\git code\textbook-housework\课本习题（三）\x64\debug\找最小值.obj
d:\git code\textbook-housework\课本习题（三）\x64\debug\完美数.obj
d:\git code\textbook-housework\课本习题（三）\x64\debug\素数.obj
d:\git code\textbook-housework\课本习题（三）\x64\debug\逆置整数.obj
d:\git code\textbook-housework\课本习题（三）\x64\debug\最大公约数.obj
d:\git code\textbook-housework\课本习题（三）\x64\debug\学生成绩的级点.obj
d:\git code\textbook-housework\课本习题（三）\x64\debug\投掷硬币.obj
d:\git code\textbook-housework\课本习题（三）\x64\debug\猜数游戏.obj
d:\git code\textbook-housework\课本习题（三）\x64\debug\递归求幂.obj
d:\git code\textbook-housework\课本习题（三）\x64\debug\斐波那契数列.obj
d:\git code\textbook-housework\课本习题（三）\x64\debug\汉诺塔.obj
d:\git code\textbook-housework\课本习题（三）\x64\debug\递归求最大公约数.obj
d:\git code\textbook-housework\课本习题（三）\x64\debug\汉诺塔（非递归）.obj
d:\git code\textbook-housework\课本习题（三）\x64\debug\递归的main()函数.obj
d:\git code\textbook-housework\课本习题（三）\x64\debug\两点之间的距离.obj
d:\git code\textbook-housework\课本习题（三）\x64\debug\好.obj
d:\git code\textbook-housework\课本习题（三）\x64\debug\测试数学库函数.obj
d:\git code\textbook-housework\课本习题（三）\x64\debug\乘法函数.obj
d:\git code\textbook-housework\课本习题（三）\x64\debug\修改的craps游戏.obj
d:\git code\textbook-housework\课本习题（三）\x64\debug\全球变暖知识检测.obj
d:\git code\textbook-housework\课本习题（三）\x64\debug\计算机辅助教学.obj
d:\git code\textbook-housework\课本习题（三）\x64\debug\课本习题（三）.exe
d:\git code\textbook-housework\课本习题（三）\x64\debug\课本习题（三）.ilk
d:\git code\textbook-housework\课本习题（三）\x64\debug\课本习题（三）.pdb
d:\git code\textbook-housework\课本习题（三）\x64\debug\课本习题（三）.tlog\cl.command.1.tlog
d:\git code\textbook-housework\课本习题（三）\x64\debug\课本习题（三）.tlog\cl.read.1.tlog
d:\git code\textbook-housework\课本习题（三）\x64\debug\课本习题（三）.tlog\cl.write.1.tlog
d:\git code\textbook-housework\课本习题（三）\x64\debug\课本习题（三）.tlog\link.command.1.tlog
d:\git code\textbook-housework\课本习题（三）\x64\debug\课本习题（三）.tlog\link.read.1.tlog
d:\git code\textbook-housework\课本习题（三）\x64\debug\课本习题（三）.tlog\link.write.1.tlog
